TN:
SF:/Users/Damola/Desktop/Maintenance-Tracker-App/server/server.js
FN:20,(anonymous_1)
FNF:1
FNH:0
FNDA:0,(anonymous_1)
DA:1,1
DA:2,1
DA:3,1
DA:4,1
DA:5,1
DA:6,1
DA:8,1
DA:10,1
DA:12,1
DA:14,1
DA:16,1
DA:20,1
DA:21,0
DA:26,1
DA:28,1
DA:30,1
LF:16
LH:15
BRDA:10,0,0,1
BRDA:10,0,1,1
BRF:2
BRH:2
end_of_record
TN:
SF:/Users/Damola/Desktop/Maintenance-Tracker-App/server/controllers/Requests.js
FN:13,getAllRequests
FN:25,getARequest
FN:27,(anonymous_5)
FN:42,createARequest
FN:75,updateARequest
FN:85,(anonymous_8)
FNF:6
FNH:6
FNDA:1,getAllRequests
FNDA:2,getARequest
FNDA:8,(anonymous_5)
FNDA:1,createARequest
FNDA:2,updateARequest
FNDA:11,(anonymous_8)
DA:1,1
DA:5,1
DA:13,1
DA:26,2
DA:27,8
DA:28,2
DA:42,5
DA:49,1
DA:50,1
DA:51,1
DA:61,1
DA:62,1
DA:75,8
DA:81,2
DA:84,2
DA:85,11
DA:86,2
DA:87,1
DA:88,1
DA:98,1
DA:99,1
DA:104,1
LF:22
LH:22
BRDA:28,0,0,1
BRDA:28,0,1,1
BRDA:86,1,0,1
BRDA:86,1,1,1
BRDA:93,2,0,1
BRDA:93,2,1,0
BRDA:94,3,0,1
BRDA:94,3,1,0
BRDA:95,4,0,1
BRDA:95,4,1,1
BRDA:96,5,0,1
BRDA:96,5,1,1
BRF:12
BRH:10
end_of_record
TN:
SF:/Users/Damola/Desktop/Maintenance-Tracker-App/server/dummy-data/database.js
FNF:0
FNH:0
DA:1,1
LF:1
LH:1
BRF:0
BRH:0
end_of_record
TN:
SF:/Users/Damola/Desktop/Maintenance-Tracker-App/server/router/index.js
FNF:0
FNH:0
DA:1,1
DA:2,1
DA:3,1
DA:4,1
DA:5,1
DA:7,1
DA:9,1
DA:10,1
DA:11,1
DA:12,1
LF:10
LH:10
BRF:0
BRH:0
end_of_record
TN:
SF:/Users/Damola/Desktop/Maintenance-Tracker-App/server/router/badRequests/badApiRequest.js
FN:1,badApiRequest
FNF:1
FNH:1
FNDA:1,badApiRequest
DA:1,1
DA:2,1
LF:2
LH:2
BRF:0
BRH:0
end_of_record
TN:
SF:/Users/Damola/Desktop/Maintenance-Tracker-App/server/validation/createARequestValidator.js
FN:6,emptyFieldsFinder
FN:8,(anonymous_1)
FN:11,(anonymous_2)
FN:21,nonStringFieldFinder
FN:23,(anonymous_4)
FN:24,(anonymous_5)
FN:29,userid
FN:30,type
FN:50,message
FN:62,invalidFieldsChecker
FN:62,(anonymous_10)
FN:67,(anonymous_11)
FN:81,createARequestChecker
FNF:13
FNH:13
FNDA:5,emptyFieldsFinder
FNDA:25,(anonymous_1)
FNDA:2,(anonymous_2)
FNDA:9,nonStringFieldFinder
FNDA:30,(anonymous_4)
FNDA:5,(anonymous_5)
FNDA:2,userid
FNDA:2,type
FNDA:5,message
FNDA:5,invalidFieldsChecker
FNDA:16,(anonymous_10)
FNDA:5,(anonymous_11)
FNDA:5,createARequestChecker
DA:6,1
DA:7,5
DA:8,25
DA:11,2
DA:12,5
DA:21,1
DA:22,9
DA:23,30
DA:24,5
DA:25,9
DA:28,1
DA:29,2
DA:31,2
DA:32,2
DA:37,1
DA:50,1
DA:51,5
DA:52,5
DA:62,5
DA:63,16
DA:64,4
DA:66,12
DA:68,5
DA:69,1
DA:71,4
DA:81,1
DA:82,5
DA:91,5
DA:92,5
DA:93,1
DA:96,4
DA:97,4
DA:98,2
DA:99,2
DA:103,2
DA:104,2
DA:105,1
DA:109,1
LF:38
LH:38
BRDA:9,0,0,25
BRDA:9,0,1,23
BRDA:23,1,0,30
BRDA:23,1,1,9
BRDA:51,2,0,3
BRDA:51,2,1,2
BRDA:63,3,0,4
BRDA:63,3,1,12
BRDA:68,4,0,1
BRDA:68,4,1,4
BRDA:92,5,0,1
BRDA:92,5,1,4
BRDA:97,6,0,2
BRDA:97,6,1,2
BRDA:98,7,0,1
BRDA:98,7,1,1
BRDA:104,8,0,1
BRDA:104,8,1,1
BRF:18
BRH:18
end_of_record
TN:
SF:/Users/Damola/Desktop/Maintenance-Tracker-App/server/validation/getARequestValidator.js
FN:8,checkId
FN:18,getARequestChecker
FNF:2
FNH:2
FNDA:10,checkId
FNDA:10,getARequestChecker
DA:1,1
DA:8,10
DA:18,1
DA:19,10
DA:20,8
DA:21,8
DA:23,2
LF:7
LH:7
BRDA:19,0,0,8
BRDA:19,0,1,2
BRF:2
BRH:2
end_of_record
TN:
SF:/Users/Damola/Desktop/Maintenance-Tracker-App/server/validation/modifyARequestChecker.js
FN:8,filledFieldsFinder
FN:10,(anonymous_1)
FN:14,(anonymous_2)
FN:22,modifyARequestChecker
FNF:4
FNH:4
FNDA:6,filledFieldsFinder
FNDA:30,(anonymous_1)
FNDA:10,(anonymous_2)
FNDA:6,modifyARequestChecker
DA:1,1
DA:8,1
DA:9,6
DA:10,30
DA:15,10
DA:16,10
DA:20,6
DA:22,1
DA:23,6
DA:32,6
DA:33,6
DA:34,1
DA:39,5
DA:40,5
DA:41,2
DA:42,2
DA:46,3
DA:47,3
DA:48,1
DA:52,2
LF:20
LH:20
BRDA:11,0,0,30
BRDA:11,0,1,10
BRDA:33,1,0,1
BRDA:33,1,1,5
BRDA:40,2,0,2
BRDA:40,2,1,3
BRDA:41,3,0,2
BRDA:41,3,1,0
BRDA:47,4,0,1
BRDA:47,4,1,2
BRF:10
BRH:9
end_of_record
